INTELFPGAOCLSDKROOT is not set
Using script's current directory (/opt/altera/aocl-pro-rte/aclrte-linux64)

aoc was not found, but aocl was found. Assuming only RTE is installed.

AOCL_BOARD_PACKAGE_ROOT is set to /opt/intel/openvino/bitstreams/a10_vision_design_sg2_bitstreams/BSP/a10_1150_sg2. Using that.
Adding /opt/altera/aocl-pro-rte/aclrte-linux64/bin to PATH
Adding /opt/altera/aocl-pro-rte/aclrte-linux64/linux64/lib to LD_LIBRARY_PATH
Adding /opt/altera/aocl-pro-rte/aclrte-linux64/host/linux64/lib to LD_LIBRARY_PATH
Adding /opt/intel/openvino/bitstreams/a10_vision_design_sg2_bitstreams/BSP/a10_1150_sg2/linux64/lib to LD_LIBRARY_PATH
aocl program: Running program from /opt/intel/openvino/bitstreams/a10_vision_design_sg2_bitstreams/BSP/a10_1150_sg2/linux64/libexec
Programming device: a10gx_2ddr : Intel Vision Accelerator Design with Intel Arria 10 FPGA (acla10_1150_sg20)
Program succeed. 
Loading the model
Model Loaded
Total model load time:  29.16052222251892 ms
Adding queue params.
Starting inference
Total people on frame = 4
Number of people in queue = {1: 1, 2: 1}
Total people on frame = 4
Number of people in queue = {1: 1, 2: 1}
Total people on frame = 5
Number of people in queue = {1: 1, 2: 1}
Total people on frame = 4
Number of people in queue = {1: 1, 2: 1}
Total people on frame = 4
Number of people in queue = {1: 1, 2: 1}
Total people on frame = 4
Number of people in queue = {1: 1, 2: 1}
Total people on frame = 4
Number of people in queue = {1: 1, 2: 1}
Total people on frame = 4
Number of people in queue = {1: 1, 2: 1}
Total people on frame = 4
Number of people in queue = {1: 1, 2: 1}
Total people on frame = 4
Number of people in queue = {1: 1, 2: 1}
Total people on frame = 4
Number of people in queue = {1: 1, 2: 1}
Total people on frame = 4
Number of people in queue = {1: 1, 2: 1}
Total people on frame = 4
Number of people in queue = {1: 1, 2: 1}
Total people on frame = 3
Number of people in queue = {1: 1, 2: 1}
Total people on frame = 3
Number of people in queue = {1: 1, 2: 1}
Total people on frame = 3
Number of people in queue = {1: 1, 2: 1}
Total people on frame = 3
Number of people in queue = {1: 1, 2: 1}
Total people on frame = 3
Number of people in queue = {1: 1, 2: 1}
Total people on frame = 3
Number of people in queue = {1: 1, 2: 1}
Total people on frame = 4
Number of people in queue = {1: 1, 2: 1}
Total people on frame = 4
Number of people in queue = {1: 1, 2: 1}
Total people on frame = 4
Number of people in queue = {1: 2, 2: 1}
Total people on frame = 5
Number of people in queue = {1: 2, 2: 1}
Total people on frame = 5
Number of people in queue = {1: 2, 2: 1}
Total people on frame = 5
Number of people in queue = {1: 2, 2: 1}
Total people on frame = 5
Number of people in queue = {1: 2, 2: 1}
Total people on frame = 4
Number of people in queue = {1: 1, 2: 1}
Total people on frame = 5
Number of people in queue = {1: 2, 2: 1}
Total people on frame = 5
Number of people in queue = {1: 2, 2: 1}
Total people on frame = 5
Number of people in queue = {1: 2, 2: 1}
Total people on frame = 5
Number of people in queue = {1: 2, 2: 1}
Total people on frame = 5
Number of people in queue = {1: 2, 2: 1}
Total people on frame = 5
Number of people in queue = {1: 2, 2: 1}
Total people on frame = 5
Number of people in queue = {1: 2, 2: 1}
Total people on frame = 5
Number of people in queue = {1: 2, 2: 1}
Total people on frame = 6
Number of people in queue = {1: 2, 2: 1}
Total people on frame = 5
Number of people in queue = {1: 2, 2: 1}
Total people on frame = 6
Number of people in queue = {1: 2, 2: 1}
Total people on frame = 6
Number of people in queue = {1: 2, 2: 1}
Total people on frame = 6
Number of people in queue = {1: 2, 2: 1}
Total people on frame = 6
Number of people in queue = {1: 2, 2: 1}
Total people on frame = 6
Number of people in queue = {1: 2, 2: 1}
Total people on frame = 6
Number of people in queue = {1: 2, 2: 1}
Total people on frame = 6
Number of people in queue = {1: 2, 2: 1}
Total people on frame = 6
Number of people in queue = {1: 2, 2: 1}
Total people on frame = 5
Number of people in queue = {1: 2, 2: 1}
Total people on frame = 5
Number of people in queue = {1: 2, 2: 1}
Total people on frame = 6
Number of people in queue = {1: 2, 2: 1}
Total people on frame = 6
Number of people in queue = {1: 2, 2: 1}
Total people on frame = 6
Number of people in queue = {1: 2, 2: 1}
Total people on frame = 5
Number of people in queue = {1: 2, 2: 1}
Total people on frame = 4
Number of people in queue = {1: 2, 2: 1}
Total people on frame = 4
Number of people in queue = {1: 2, 2: 1}
Total people on frame = 3
Number of people in queue = {1: 1, 2: 1}
Total people on frame = 3
Number of people in queue = {1: 1, 2: 1}
Total people on frame = 4
Number of people in queue = {1: 2, 2: 1}
Total people on frame = 4
Number of people in queue = {1: 2, 2: 1}
Total people on frame = 4
Number of people in queue = {1: 2, 2: 1}
Total people on frame = 4
Number of people in queue = {1: 2, 2: 1}
Total people on frame = 4
Number of people in queue = {1: 2, 2: 1}
Total people on frame = 4
Number of people in queue = {1: 2, 2: 1}
Total people on frame = 2
Number of people in queue = {1: 1, 2: 1}
Total people on frame = 3
Number of people in queue = {1: 1, 2: 1}
Total people on frame = 4
Number of people in queue = {1: 2, 2: 1}
Total people on frame = 3
Number of people in queue = {1: 2, 2: 1}
Total people on frame = 3
Number of people in queue = {1: 2, 2: 1}
Total people on frame = 3
Number of people in queue = {1: 2, 2: 1}
Total people on frame = 3
Number of people in queue = {1: 2, 2: 1}
Total people on frame = 3
Number of people in queue = {1: 2, 2: 1}
Total people on frame = 3
Number of people in queue = {1: 2, 2: 1}
Total people on frame = 3
Number of people in queue = {1: 2, 2: 1}
Total people on frame = 3
Number of people in queue = {1: 2, 2: 1}
Total people on frame = 4
Number of people in queue = {1: 2, 2: 1}
Total people on frame = 4
Number of people in queue = {1: 2, 2: 1}
Total people on frame = 4
Number of people in queue = {1: 2, 2: 1}
Total people on frame = 3
Number of people in queue = {1: 2, 2: 1}
Total people on frame = 3
Number of people in queue = {1: 2, 2: 1}
Total people on frame = 3
Number of people in queue = {1: 2, 2: 1}
Total people on frame = 3
Number of people in queue = {1: 1, 2: 1}
Total people on frame = 3
Number of people in queue = {1: 1, 2: 1}
Total people on frame = 4
Number of people in queue = {1: 1, 2: 1}
Total people on frame = 4
Number of people in queue = {1: 1, 2: 1}
Total people on frame = 3
Number of people in queue = {1: 1, 2: 1}
Total people on frame = 4
Number of people in queue = {1: 1, 2: 1}
Total people on frame = 4
Number of people in queue = {1: 1, 2: 1}
Total people on frame = 4
Number of people in queue = {1: 1, 2: 1}
Total people on frame = 4
Number of people in queue = {1: 1, 2: 1}
Total people on frame = 4
Number of people in queue = {1: 1, 2: 1}
Total people on frame = 4
Number of people in queue = {1: 1, 2: 1}
Total people on frame = 3
Number of people in queue = {1: 1, 2: 0}
Total people on frame = 3
Number of people in queue = {1: 1, 2: 0}
Total people on frame = 2
Number of people in queue = {1: 1, 2: 0}
Total people on frame = 2
Number of people in queue = {1: 1, 2: 0}
Total people on frame = 3
Number of people in queue = {1: 1, 2: 1}
Total people on frame = 2
Number of people in queue = {1: 1, 2: 0}
Total people on frame = 2
Number of people in queue = {1: 1, 2: 0}
Total people on frame = 2
Number of people in queue = {1: 1, 2: 0}
Total people on frame = 2
Number of people in queue = {1: 1, 2: 0}
Total people on frame = 2
Number of people in queue = {1: 1, 2: 0}
Total people on frame = 2
Number of people in queue = {1: 1, 2: 0}
Total people on frame = 2
Number of people in queue = {1: 1, 2: 0}
Total people on frame = 2
Number of people in queue = {1: 1, 2: 0}
Total people on frame = 2
Number of people in queue = {1: 1, 2: 0}
Total people on frame = 2
Number of people in queue = {1: 1, 2: 0}
Total people on frame = 3
Number of people in queue = {1: 1, 2: 0}
Total people on frame = 3
Number of people in queue = {1: 1, 2: 0}
Total people on frame = 2
Number of people in queue = {1: 1, 2: 0}
Total people on frame = 2
Number of people in queue = {1: 1, 2: 0}
Total people on frame = 2
Number of people in queue = {1: 1, 2: 0}
Total people on frame = 3
Number of people in queue = {1: 1, 2: 0}
Total people on frame = 3
Number of people in queue = {1: 1, 2: 1}
Total people on frame = 4
Number of people in queue = {1: 1, 2: 1}
Total people on frame = 3
Number of people in queue = {1: 1, 2: 1}
Total people on frame = 3
Number of people in queue = {1: 1, 2: 1}
Total people on frame = 3
Number of people in queue = {1: 1, 2: 1}
Total people on frame = 3
Number of people in queue = {1: 1, 2: 1}
Total people on frame = 3
Number of people in queue = {1: 1, 2: 1}
Total people on frame = 3
Number of people in queue = {1: 1, 2: 1}
Total people on frame = 3
Number of people in queue = {1: 1, 2: 1}
Total people on frame = 3
Number of people in queue = {1: 1, 2: 1}
Total people on frame = 3
Number of people in queue = {1: 1, 2: 1}
Total people on frame = 3
Number of people in queue = {1: 1, 2: 1}
Total people on frame = 3
Number of people in queue = {1: 1, 2: 1}
Total people on frame = 3
Number of people in queue = {1: 1, 2: 1}
Total people on frame = 3
Number of people in queue = {1: 1, 2: 1}
Total people on frame = 3
Number of people in queue = {1: 1, 2: 1}
Total people on frame = 3
Number of people in queue = {1: 1, 2: 1}
Total people on frame = 3
Number of people in queue = {1: 1, 2: 1}
Total people on frame = 3
Number of people in queue = {1: 1, 2: 1}
Total people on frame = 3
Number of people in queue = {1: 1, 2: 1}
Total people on frame = 3
Number of people in queue = {1: 1, 2: 1}
Total people on frame = 3
Number of people in queue = {1: 1, 2: 1}
Total people on frame = 3
Number of people in queue = {1: 1, 2: 1}
Total people on frame = 3
Number of people in queue = {1: 1, 2: 1}
Total people on frame = 3
Number of people in queue = {1: 1, 2: 1}
Total people on frame = 3
Number of people in queue = {1: 1, 2: 1}
Total people on frame = 3
Number of people in queue = {1: 1, 2: 1}
Total people on frame = 3
Number of people in queue = {1: 1, 2: 1}
Total people on frame = 4
Number of people in queue = {1: 1, 2: 1}
Total people on frame = 3
Number of people in queue = {1: 1, 2: 1}
Total people on frame = 4
Number of people in queue = {1: 1, 2: 1}
Total people on frame = 4
Number of people in queue = {1: 1, 2: 1}
Total people on frame = 4
Number of people in queue = {1: 1, 2: 1}
Total people on frame = 4
Number of people in queue = {1: 1, 2: 1}
Total people on frame = 3
Number of people in queue = {1: 1, 2: 1}
Total people on frame = 3
Number of people in queue = {1: 1, 2: 1}
Total people on frame = 3
Number of people in queue = {1: 1, 2: 1}
Total people on frame = 3
Number of people in queue = {1: 1, 2: 1}
Total people on frame = 3
Number of people in queue = {1: 1, 2: 1}
Total people on frame = 3
Number of people in queue = {1: 1, 2: 1}
Total people on frame = 3
Number of people in queue = {1: 1, 2: 1}
Total people on frame = 4
Number of people in queue = {1: 1, 2: 1}
Total people on frame = 3
Number of people in queue = {1: 1, 2: 1}
Total people on frame = 4
Number of people in queue = {1: 1, 2: 1}
Total people on frame = 4
Number of people in queue = {1: 1, 2: 1}
Total people on frame = 4
Number of people in queue = {1: 1, 2: 1}
Total people on frame = 4
Number of people in queue = {1: 1, 2: 1}
Total people on frame = 3
Number of people in queue = {1: 1, 2: 1}
Total people on frame = 2
Number of people in queue = {1: 1, 2: 1}
Total people on frame = 3
Number of people in queue = {1: 1, 2: 1}
Total people on frame = 2
Number of people in queue = {1: 1, 2: 0}
Total people on frame = 2
Number of people in queue = {1: 1, 2: 0}
Total people on frame = 2
Number of people in queue = {1: 1, 2: 0}
Total people on frame = 2
Number of people in queue = {1: 1, 2: 0}
Total people on frame = 2
Number of people in queue = {1: 1, 2: 0}
Total people on frame = 0
Number of people in queue = {1: 0, 2: 0}
results/
results/retail/
results/retail/fpga/
results/retail/fpga/stats.txt
results/retail/fpga/output_video.mp4
stderr.log
